-------------------------------------------------------------------------------
Test set: petClinic.PetClinicApplicationTests
-------------------------------------------------------------------------------
Tests run: 1, Failures: 0, Errors: 1, Skipped: 0, Time elapsed: 0.232 s <<< FAILURE! - in petClinic.PetClinicApplicationTests
petClinic.PetClinicApplicationTests  Time elapsed: 0.231 s  <<< ERROR!
java.lang.IllegalStateException: Unable to find a @SpringBootConfiguration, you need to use @ContextConfiguration or @SpringBootTest(classes=...) with your test

